# JRE version: OpenJDK Runtime Environment Temurin-21.0.5+11 (21.0.5+11) (build 21.0.5+11-LTS)
# Java VM: OpenJDK 64-Bit Server VM Temurin-21.0.5+11 (21.0.5+11-LTS, mixed mode, sharing, tiered, compressed oops, compressed class ptrs, parallel gc, windows-amd64)
GC Precious Log:
 CardTable entry size: 512
 CPUs: 20 total, 20 available
 Memory: 7876M
 Large Page Support: Disabled
 NUMA Support: Disabled
 Compressed Oops: Enabled (32-bit)
 Alignments: Space 512K, Generation 512K, Heap 2M
 Heap Min Capacity: 100M
 Heap Initial Capacity: 100M
 Heap Max Capacity: 1G
 Pre-touch: Disabled
 Parallel Workers: 15
Heap:
 PSYoungGen      total 25600K, used 24186K [0x00000000eab00000, 0x00000000ece00000, 0x0000000100000000)
  eden space 21504K, 93% used [0x00000000eab00000,0x00000000ebea3c30,0x00000000ec000000)
  from space 4096K, 99% used [0x00000000ec000000,0x00000000ec3fae18,0x00000000ec400000)
  to   space 7168K, 0% used [0x00000000ec700000,0x00000000ec700000,0x00000000ece00000)
 ParOldGen       total 68608K, used 45240K [0x00000000c0000000, 0x00000000c4300000, 0x00000000eab00000)
  object space 68608K, 65% used [0x00000000c0000000,0x00000000c2c2e3f0,0x00000000c4300000)
 Metaspace       used 41768K, committed 42752K, reserved 1114112K
  class space    used 4064K, committed 4480K, reserved 1048576K
GC Heap History (20 events):
Event: 10.825 GC heap before
{Heap before GC invocations=26 (full 2):
 PSYoungGen      total 22528K, used 22528K [0x00000000eab00000, 0x00000000ec500000, 0x0000000100000000)
  eden space 21504K, 100% used [0x00000000eab00000,0x00000000ec000000,0x00000000ec000000)
  from space 1024K, 100% used [0x00000000ec380000,0x00000000ec480000,0x00000000ec480000)
  to   space 512K, 0% used [0x00000000ec480000,0x00000000ec480000,0x00000000ec500000)
 ParOldGen       total 68608K, used 31871K [0x00000000c0000000, 0x00000000c4300000, 0x00000000eab00000)
  object space 68608K, 46% used [0x00000000c0000000,0x00000000c1f1fe40,0x00000000c4300000)
 Metaspace       used 37853K, committed 38784K, reserved 1114112K
  class space    used 3664K, committed 4032K, reserved 1048576K
}
Event: 10.828 GC heap after
{Heap after GC invocations=26 (full 2):
 PSYoungGen      total 22016K, used 512K [0x00000000eab00000, 0x00000000ec500000, 0x0000000100000000)
  eden space 21504K, 0% used [0x00000000eab00000,0x00000000eab00000,0x00000000ec000000)
  from space 512K, 100% used [0x00000000ec480000,0x00000000ec500000,0x00000000ec500000)
  to   space 2048K, 0% used [0x00000000ec100000,0x00000000ec100000,0x00000000ec300000)
 ParOldGen       total 68608K, used 32912K [0x00000000c0000000, 0x00000000c4300000, 0x00000000eab00000)
  object space 68608K, 47% used [0x00000000c0000000,0x00000000c2024340,0x00000000c4300000)
 Metaspace       used 37853K, committed 38784K, reserved 1114112K
  class space    used 3664K, committed 4032K, reserved 1048576K
}
Event: 11.788 GC heap before
{Heap before GC invocations=27 (full 2):
 PSYoungGen      total 22016K, used 22016K [0x00000000eab00000, 0x00000000ec500000, 0x0000000100000000)
  eden space 21504K, 100% used [0x00000000eab00000,0x00000000ec000000,0x00000000ec000000)
  from space 512K, 100% used [0x00000000ec480000,0x00000000ec500000,0x00000000ec500000)
  to   space 2048K, 0% used [0x00000000ec100000,0x00000000ec100000,0x00000000ec300000)
 ParOldGen       total 68608K, used 32912K [0x00000000c0000000, 0x00000000c4300000, 0x00000000eab00000)
  object space 68608K, 47% used [0x00000000c0000000,0x00000000c2024340,0x00000000c4300000)
 Metaspace       used 37856K, committed 38784K, reserved 1114112K
  class space    used 3664K, committed 4032K, reserved 1048576K
}
Event: 11.791 GC heap after
{Heap after GC invocations=27 (full 2):
 PSYoungGen      total 23552K, used 1696K [0x00000000eab00000, 0x00000000ec500000, 0x0000000100000000)
  eden space 21504K, 0% used [0x00000000eab00000,0x00000000eab00000,0x00000000ec000000)
  from space 2048K, 82% used [0x00000000ec100000,0x00000000ec2a8000,0x00000000ec300000)
  to   space 2048K, 0% used [0x00000000ec300000,0x00000000ec300000,0x00000000ec500000)
 ParOldGen       total 68608K, used 33312K [0x00000000c0000000, 0x00000000c4300000, 0x00000000eab00000)
  object space 68608K, 48% used [0x00000000c0000000,0x00000000c2088340,0x00000000c4300000)
 Metaspace       used 37856K, committed 38784K, reserved 1114112K
  class space    used 3664K, committed 4032K, reserved 1048576K
}
Event: 12.201 GC heap before
{Heap before GC invocations=28 (full 2):
 PSYoungGen      total 23552K, used 23200K [0x00000000eab00000, 0x00000000ec500000, 0x0000000100000000)
  eden space 21504K, 100% used [0x00000000eab00000,0x00000000ec000000,0x00000000ec000000)
  from space 2048K, 82% used [0x00000000ec100000,0x00000000ec2a8000,0x00000000ec300000)
  to   space 2048K, 0% used [0x00000000ec300000,0x00000000ec300000,0x00000000ec500000)
 ParOldGen       total 68608K, used 33312K [0x00000000c0000000, 0x00000000c4300000, 0x00000000eab00000)
  object space 68608K, 48% used [0x00000000c0000000,0x00000000c2088340,0x00000000c4300000)
 Metaspace       used 37856K, committed 38784K, reserved 1114112K
  class space    used 3664K, committed 4032K, reserved 1048576K
}
Event: 12.205 GC heap after
{Heap after GC invocations=28 (full 2):
 PSYoungGen      total 23040K, used 1120K [0x00000000eab00000, 0x00000000ec480000, 0x0000000100000000)
  eden space 21504K, 0% used [0x00000000eab00000,0x00000000eab00000,0x00000000ec000000)
  from space 1536K, 72% used [0x00000000ec300000,0x00000000ec418000,0x00000000ec480000)
  to   space 1536K, 0% used [0x00000000ec180000,0x00000000ec180000,0x00000000ec300000)
 ParOldGen       total 68608K, used 34464K [0x00000000c0000000, 0x00000000c4300000, 0x00000000eab00000)
  object space 68608K, 50% used [0x00000000c0000000,0x00000000c21a8340,0x00000000c4300000)
 Metaspace       used 37856K, committed 38784K, reserved 1114112K
  class space    used 3664K, committed 4032K, reserved 1048576K
}
Event: 12.432 GC heap before
{Heap before GC invocations=29 (full 2):
 PSYoungGen      total 23040K, used 22624K [0x00000000eab00000, 0x00000000ec480000, 0x0000000100000000)
  eden space 21504K, 100% used [0x00000000eab00000,0x00000000ec000000,0x00000000ec000000)
  from space 1536K, 72% used [0x00000000ec300000,0x00000000ec418000,0x00000000ec480000)
  to   space 1536K, 0% used [0x00000000ec180000,0x00000000ec180000,0x00000000ec300000)
 ParOldGen       total 68608K, used 34464K [0x00000000c0000000, 0x00000000c4300000, 0x00000000eab00000)
  object space 68608K, 50% used [0x00000000c0000000,0x00000000c21a8340,0x00000000c4300000)
 Metaspace       used 37857K, committed 38784K, reserved 1114112K
  class space    used 3664K, committed 4032K, reserved 1048576K
}
Event: 12.434 GC heap after
{Heap after GC invocations=29 (full 2):
 PSYoungGen      total 22528K, used 912K [0x00000000eab00000, 0x00000000ec380000, 0x0000000100000000)
  eden space 21504K, 0% used [0x00000000eab00000,0x00000000eab00000,0x00000000ec000000)
  from space 1024K, 89% used [0x00000000ec180000,0x00000000ec264120,0x00000000ec280000)
  to   space 1024K, 0% used [0x00000000ec280000,0x00000000ec280000,0x00000000ec380000)
 ParOldGen       total 68608K, used 35336K [0x00000000c0000000, 0x00000000c4300000, 0x00000000eab00000)
  object space 68608K, 51% used [0x00000000c0000000,0x00000000c2282340,0x00000000c4300000)
 Metaspace       used 37857K, committed 38784K, reserved 1114112K
  class space    used 3664K, committed 4032K, reserved 1048576K
}
Event: 12.632 GC heap before
{Heap before GC invocations=30 (full 2):
 PSYoungGen      total 22528K, used 22416K [0x00000000eab00000, 0x00000000ec380000, 0x0000000100000000)
  eden space 21504K, 100% used [0x00000000eab00000,0x00000000ec000000,0x00000000ec000000)
  from space 1024K, 89% used [0x00000000ec180000,0x00000000ec264120,0x00000000ec280000)
  to   space 1024K, 0% used [0x00000000ec280000,0x00000000ec280000,0x00000000ec380000)
 ParOldGen       total 68608K, used 35336K [0x00000000c0000000, 0x00000000c4300000, 0x00000000eab00000)
  object space 68608K, 51% used [0x00000000c0000000,0x00000000c2282340,0x00000000c4300000)
 Metaspace       used 37857K, committed 38784K, reserved 1114112K
  class space    used 3664K, committed 4032K, reserved 1048576K
}
Event: 12.634 GC heap after
{Heap after GC invocations=30 (full 2):
 PSYoungGen      total 22528K, used 984K [0x00000000eab00000, 0x00000000ec380000, 0x0000000100000000)
  eden space 21504K, 0% used [0x00000000eab00000,0x00000000eab00000,0x00000000ec000000)
  from space 1024K, 96% used [0x00000000ec280000,0x00000000ec3761a8,0x00000000ec380000)
  to   space 1024K, 0% used [0x00000000ec180000,0x00000000ec180000,0x00000000ec280000)
 ParOldGen       total 68608K, used 35752K [0x00000000c0000000, 0x00000000c4300000, 0x00000000eab00000)
  object space 68608K, 52% used [0x00000000c0000000,0x00000000c22ea340,0x00000000c4300000)
 Metaspace       used 37857K, committed 38784K, reserved 1114112K
  class space    used 3664K, committed 4032K, reserved 1048576K
}
Event: 12.899 GC heap before
{Heap before GC invocations=31 (full 2):
 PSYoungGen      total 22528K, used 22488K [0x00000000eab00000, 0x00000000ec380000, 0x0000000100000000)
  eden space 21504K, 100% used [0x00000000eab00000,0x00000000ec000000,0x00000000ec000000)
  from space 1024K, 96% used [0x00000000ec280000,0x00000000ec3761a8,0x00000000ec380000)
  to   space 1024K, 0% used [0x00000000ec180000,0x00000000ec180000,0x00000000ec280000)
 ParOldGen       total 68608K, used 35752K [0x00000000c0000000, 0x00000000c4300000, 0x00000000eab00000)
  object space 68608K, 52% used [0x00000000c0000000,0x00000000c22ea340,0x00000000c4300000)
 Metaspace       used 37982K, committed 38912K, reserved 1114112K
  class space    used 3676K, committed 4096K, reserved 1048576K
}
Event: 12.904 GC heap after
{Heap after GC invocations=31 (full 2):
 PSYoungGen      total 22528K, used 994K [0x00000000eab00000, 0x00000000ecb00000, 0x0000000100000000)
  eden space 21504K, 0% used [0x00000000eab00000,0x00000000eab00000,0x00000000ec000000)
  from space 1024K, 97% used [0x00000000ec180000,0x00000000ec278b80,0x00000000ec280000)
  to   space 5632K, 0% used [0x00000000ec580000,0x00000000ec580000,0x00000000ecb00000)
 ParOldGen       total 68608K, used 39518K [0x00000000c0000000, 0x00000000c4300000, 0x00000000eab00000)
  object space 68608K, 57% used [0x00000000c0000000,0x00000000c2697850,0x00000000c4300000)
 Metaspace       used 37982K, committed 38912K, reserved 1114112K
  class space    used 3676K, committed 4096K, reserved 1048576K
}
Event: 13.033 GC heap before
{Heap before GC invocations=32 (full 2):
 PSYoungGen      total 22528K, used 22498K [0x00000000eab00000, 0x00000000ecb00000, 0x0000000100000000)
  eden space 21504K, 100% used [0x00000000eab00000,0x00000000ec000000,0x00000000ec000000)
  from space 1024K, 97% used [0x00000000ec180000,0x00000000ec278b80,0x00000000ec280000)
  to   space 5632K, 0% used [0x00000000ec580000,0x00000000ec580000,0x00000000ecb00000)
 ParOldGen       total 68608K, used 39518K [0x00000000c0000000, 0x00000000c4300000, 0x00000000eab00000)
  object space 68608K, 57% used [0x00000000c0000000,0x00000000c2697850,0x00000000c4300000)
 Metaspace       used 38088K, committed 39040K, reserved 1114112K
  class space    used 3684K, committed 4096K, reserved 1048576K
}
Event: 13.035 GC heap after
{Heap after GC invocations=32 (full 2):
 PSYoungGen      total 23040K, used 1120K [0x00000000eab00000, 0x00000000ec700000, 0x0000000100000000)
  eden space 21504K, 0% used [0x00000000eab00000,0x00000000eab00000,0x00000000ec000000)
  from space 1536K, 72% used [0x00000000ec580000,0x00000000ec698020,0x00000000ec700000)
  to   space 2560K, 0% used [0x00000000ec200000,0x00000000ec200000,0x00000000ec480000)
 ParOldGen       total 68608K, used 40536K [0x00000000c0000000, 0x00000000c4300000, 0x00000000eab00000)
  object space 68608K, 59% used [0x00000000c0000000,0x00000000c27963d0,0x00000000c4300000)
 Metaspace       used 38088K, committed 39040K, reserved 1114112K
  class space    used 3684K, committed 4096K, reserved 1048576K
}
Event: 13.099 GC heap before
{Heap before GC invocations=33 (full 2):
 PSYoungGen      total 23040K, used 22624K [0x00000000eab00000, 0x00000000ec700000, 0x0000000100000000)
  eden space 21504K, 99% used [0x00000000eab00000,0x00000000ebfffff0,0x00000000ec000000)
  from space 1536K, 72% used [0x00000000ec580000,0x00000000ec698020,0x00000000ec700000)
  to   space 2560K, 0% used [0x00000000ec200000,0x00000000ec200000,0x00000000ec480000)
 ParOldGen       total 68608K, used 40536K [0x00000000c0000000, 0x00000000c4300000, 0x00000000eab00000)
  object space 68608K, 59% used [0x00000000c0000000,0x00000000c27963d0,0x00000000c4300000)
 Metaspace       used 38088K, committed 39040K, reserved 1114112K
  class space    used 3684K, committed 4096K, reserved 1048576K
}
Event: 13.101 GC heap after
{Heap after GC invocations=33 (full 2):
 PSYoungGen      total 23552K, used 1920K [0x00000000eab00000, 0x00000000ec600000, 0x0000000100000000)
  eden space 21504K, 0% used [0x00000000eab00000,0x00000000eab00000,0x00000000ec000000)
  from space 2048K, 93% used [0x00000000ec200000,0x00000000ec3e0000,0x00000000ec400000)
  to   space 2048K, 0% used [0x00000000ec400000,0x00000000ec400000,0x00000000ec600000)
 ParOldGen       total 68608K, used 41392K [0x00000000c0000000, 0x00000000c4300000, 0x00000000eab00000)
  object space 68608K, 60% used [0x00000000c0000000,0x00000000c286c3f0,0x00000000c4300000)
 Metaspace       used 38088K, committed 39040K, reserved 1114112K
  class space    used 3684K, committed 4096K, reserved 1048576K
}
Event: 13.326 GC heap before
{Heap before GC invocations=34 (full 2):
 PSYoungGen      total 23552K, used 23424K [0x00000000eab00000, 0x00000000ec600000, 0x0000000100000000)
  eden space 21504K, 100% used [0x00000000eab00000,0x00000000ec000000,0x00000000ec000000)
  from space 2048K, 93% used [0x00000000ec200000,0x00000000ec3e0000,0x00000000ec400000)
  to   space 2048K, 0% used [0x00000000ec400000,0x00000000ec400000,0x00000000ec600000)
 ParOldGen       total 68608K, used 41392K [0x00000000c0000000, 0x00000000c4300000, 0x00000000eab00000)
  object space 68608K, 60% used [0x00000000c0000000,0x00000000c286c3f0,0x00000000c4300000)
 Metaspace       used 39036K, committed 40064K, reserved 1114112K
  class space    used 3812K, committed 4224K, reserved 1048576K
}
Event: 13.329 GC heap after
{Heap after GC invocations=34 (full 2):
 PSYoungGen      total 23552K, used 2048K [0x00000000eab00000, 0x00000000ec800000, 0x0000000100000000)
  eden space 21504K, 0% used [0x00000000eab00000,0x00000000eab00000,0x00000000ec000000)
  from space 2048K, 100% used [0x00000000ec400000,0x00000000ec600000,0x00000000ec600000)
  to   space 4096K, 0% used [0x00000000ec000000,0x00000000ec000000,0x00000000ec400000)
 ParOldGen       total 68608K, used 42840K [0x00000000c0000000, 0x00000000c4300000, 0x00000000eab00000)
  object space 68608K, 62% used [0x00000000c0000000,0x00000000c29d63f0,0x00000000c4300000)
 Metaspace       used 39036K, committed 40064K, reserved 1114112K
  class space    used 3812K, committed 4224K, reserved 1048576K
}
Event: 13.796 GC heap before
{Heap before GC invocations=35 (full 2):
 PSYoungGen      total 23552K, used 23552K [0x00000000eab00000, 0x00000000ec800000, 0x0000000100000000)
  eden space 21504K, 100% used [0x00000000eab00000,0x00000000ec000000,0x00000000ec000000)
  from space 2048K, 100% used [0x00000000ec400000,0x00000000ec600000,0x00000000ec600000)
  to   space 4096K, 0% used [0x00000000ec000000,0x00000000ec000000,0x00000000ec400000)
 ParOldGen       total 68608K, used 42840K [0x00000000c0000000, 0x00000000c4300000, 0x00000000eab00000)
  object space 68608K, 62% used [0x00000000c0000000,0x00000000c29d63f0,0x00000000c4300000)
 Metaspace       used 40449K, committed 41408K, reserved 1114112K
  class space    used 3936K, committed 4352K, reserved 1048576K
}
Event: 13.800 GC heap after
{Heap after GC invocations=35 (full 2):
 PSYoungGen      total 25600K, used 4075K [0x00000000eab00000, 0x00000000ece00000, 0x0000000100000000)
  eden space 21504K, 0% used [0x00000000eab00000,0x00000000eab00000,0x00000000ec000000)
  from space 4096K, 99% used [0x00000000ec000000,0x00000000ec3fae18,0x00000000ec400000)
  to   space 7168K, 0% used [0x00000000ec700000,0x00000000ec700000,0x00000000ece00000)
 ParOldGen       total 68608K, used 45240K [0x00000000c0000000, 0x00000000c4300000, 0x00000000eab00000)
  object space 68608K, 65% used [0x00000000c0000000,0x00000000c2c2e3f0,0x00000000c4300000)
 Metaspace       used 40449K, committed 41408K, reserved 1114112K
  class space    used 3936K, committed 4352K, reserved 1048576K
}

